app/build/outputs/logs/manifest-merger-release-report.txt
-- Merging decision tree log ---
manifest
ADDED from AndroidManifest.xml:2:1
	package
		ADDED from AndroidManifest.xml:4:5
		INJECTED from AndroidManifest.xml:0:0
		INJECTED from AndroidManifest.xml:0:0
	android:versionName
		INJECTED from AndroidManifest.xml:0:0
		INJECTED from AndroidManifest.xml:0:0
	xmlns:tools
		ADDED from AndroidManifest.xml:3:5
	xmlns:android
		ADDED from AndroidManifest.xml:2:11
	android:versionCode
		INJECTED from AndroidManifest.xml:0:0
		INJECTED from AndroidManifest.xml:0:0
uses-permission#android.permission.CAMERA
ADDED from AndroidManifest.xml:6:5
	android:name
		ADDED from AndroidManifest.xml:6:22
uses-permission#android.permission.INTERNET
ADDED from AndroidManifest.xml:7:5
MERGED from com.google.firebase:firebase-iid:9.2.1:21:5
MERGED from com.google.firebase:firebase-analytics:9.2.1:21:5
MERGED from com.google.firebase:firebase-analytics-impl:9.2.1:21:5
MERGED from com.google.firebase:firebase-iid:9.2.1:21:5
	android:name
		ADDED from AndroidManifest.xml:7:22
uses-permission#android.permission.FLASHLIGHT
ADDED from AndroidManifest.xml:8:5
	android:name
		ADDED from AndroidManifest.xml:8:22
uses-permission#android.permission.VIBRATE
ADDED from AndroidManifest.xml:9:5
	android:name
		ADDED from AndroidManifest.xml:9:22
uses-permission#android.permission.ACCESS_NETWORK_STATE
ADDED from AndroidManifest.xml:10:5
MERGED from com.google.firebase:firebase-iid:9.2.1:20:5
MERGED from com.google.firebase:firebase-analytics:9.2.1:22:5
MERGED from com.google.firebase:firebase-analytics-impl:9.2.1:22:5
MERGED from com.google.firebase:firebase-iid:9.2.1:20:5
	android:name
		ADDED from AndroidManifest.xml:10:22
uses-permission#android.permission.WAKE_LOCK
ADDED from AndroidManifest.xml:11:5
MERGED from com.google.firebase:firebase-iid:9.2.1:22:5
MERGED from com.google.firebase:firebase-analytics:9.2.1:24:5
MERGED from com.google.firebase:firebase-analytics-impl:9.2.1:24:5
MERGED from com.google.firebase:firebase-iid:9.2.1:22:5
	android:name
		ADDED from AndroidManifest.xml:11:22
uses-permission#android.permission.RECEIVE_BOOT_COMPLETED
ADDED from AndroidManifest.xml:12:5
	android:name
		ADDED from AndroidManifest.xml:12:22
uses-permission#android.permission.GET_ACCOUNTS
ADDED from AndroidManifest.xml:13:5
	android:name
		ADDED from AndroidManifest.xml:13:22
application
ADDED from AndroidManifest.xml:15:5
MERGED from com.android.support:support-v4:24.2.0:25:5
MERGED from com.android.support:support-compat:24.2.0:25:5
MERGED from com.android.support:support-core-utils:24.2.0:25:5
MERGED from com.android.support:support-compat:24.2.0:25:5
MERGED from com.android.support:support-media-compat:24.2.0:25:5
MERGED from com.android.support:support-compat:24.2.0:25:5
MERGED from com.android.support:support-core-ui:24.2.0:25:5
MERGED from com.android.support:support-compat:24.2.0:25:5
MERGED from com.android.support:support-fragment:24.2.0:25:5
MERGED from com.android.support:support-compat:24.2.0:25:5
MERGED from com.android.support:support-core-utils:24.2.0:25:5
MERGED from com.android.support:support-compat:24.2.0:25:5
MERGED from com.android.support:support-media-compat:24.2.0:25:5
MERGED from com.android.support:support-compat:24.2.0:25:5
MERGED from com.android.support:support-core-ui:24.2.0:25:5
MERGED from com.android.support:support-compat:24.2.0:25:5
MERGED from com.android.support:appcompat-v7:24.2.0:25:5
MERGED from com.android.support:support-vector-drawable:24.2.0:23:5
MERGED from com.android.support:support-compat:24.2.0:25:5
MERGED from com.android.support:animated-vector-drawable:24.2.0:22:5
MERGED from com.android.support:support-vector-drawable:24.2.0:23:5
MERGED from com.android.support:support-compat:24.2.0:25:5
MERGED from com.android.support:support-v4:24.2.0:25:5
MERGED from com.android.support:support-compat:24.2.0:25:5
MERGED from com.android.support:support-core-utils:24.2.0:25:5
MERGED from com.android.support:support-compat:24.2.0:25:5
MERGED from com.android.support:support-media-compat:24.2.0:25:5
MERGED from com.android.support:support-compat:24.2.0:25:5
MERGED from com.android.support:support-core-ui:24.2.0:25:5
MERGED from com.android.support:support-compat:24.2.0:25:5
MERGED from com.android.support:support-fragment:24.2.0:25:5
MERGED from com.android.support:support-compat:24.2.0:25:5
MERGED from com.android.support:support-core-utils:24.2.0:25:5
MERGED from com.android.support:support-compat:24.2.0:25:5
MERGED from com.android.support:support-media-compat:24.2.0:25:5
MERGED from com.android.support:support-compat:24.2.0:25:5
MERGED from com.android.support:support-core-ui:24.2.0:25:5
MERGED from com.android.support:support-compat:24.2.0:25:5
MERGED from com.google.firebase:firebase-messaging:9.2.1:20:5
MERGED from com.google.android.gms:play-services-basement:9.2.1:20:5
MERGED from com.android.support:support-v4:24.2.0:25:5
MERGED from com.android.support:support-compat:24.2.0:25:5
MERGED from com.android.support:support-core-utils:24.2.0:25:5
MERGED from com.android.support:support-compat:24.2.0:25:5
MERGED from com.android.support:support-media-compat:24.2.0:25:5
MERGED from com.android.support:support-compat:24.2.0:25:5
MERGED from com.android.support:support-core-ui:24.2.0:25:5
MERGED from com.android.support:support-compat:24.2.0:25:5
MERGED from com.android.support:support-fragment:24.2.0:25:5
MERGED from com.android.support:support-compat:24.2.0:25:5
MERGED from com.android.support:support-core-utils:24.2.0:25:5
MERGED from com.android.support:support-compat:24.2.0:25:5
MERGED from com.android.support:support-media-compat:24.2.0:25:5
MERGED from com.android.support:support-compat:24.2.0:25:5
MERGED from com.android.support:support-core-ui:24.2.0:25:5
MERGED from com.android.support:support-compat:24.2.0:25:5
MERGED from com.google.firebase:firebase-iid:9.2.1:30:5
MERGED from com.google.android.gms:play-services-basement:9.2.1:20:5
MERGED from com.android.support:support-v4:24.2.0:25:5
MERGED from com.android.support:support-compat:24.2.0:25:5
MERGED from com.android.support:support-core-utils:24.2.0:25:5
MERGED from com.android.support:support-compat:24.2.0:25:5
MERGED from com.android.support:support-media-compat:24.2.0:25:5
MERGED from com.android.support:support-compat:24.2.0:25:5
MERGED from com.android.support:support-core-ui:24.2.0:25:5
MERGED from com.android.support:support-compat:24.2.0:25:5
MERGED from com.android.support:support-fragment:24.2.0:25:5
MERGED from com.android.support:support-compat:24.2.0:25:5
MERGED from com.android.support:support-core-utils:24.2.0:25:5
MERGED from com.android.support:support-compat:24.2.0:25:5
MERGED from com.android.support:support-media-compat:24.2.0:25:5
MERGED from com.android.support:support-compat:24.2.0:25:5
MERGED from com.android.support:support-core-ui:24.2.0:25:5
MERGED from com.android.support:support-compat:24.2.0:25:5
MERGED from com.google.firebase:firebase-common:9.2.1:5:5
MERGED from com.google.android.gms:play-services-basement:9.2.1:20:5
MERGED from com.android.support:support-v4:24.2.0:25:5
MERGED from com.android.support:support-compat:24.2.0:25:5
MERGED from com.android.support:support-core-utils:24.2.0:25:5
MERGED from com.android.support:support-compat:24.2.0:25:5
MERGED from com.android.support:support-media-compat:24.2.0:25:5
MERGED from com.android.support:support-compat:24.2.0:25:5
MERGED from com.android.support:support-core-ui:24.2.0:25:5
MERGED from com.android.support:support-compat:24.2.0:25:5
MERGED from com.android.support:support-fragment:24.2.0:25:5
MERGED from com.android.support:support-compat:24.2.0:25:5
MERGED from com.android.support:support-core-utils:24.2.0:25:5
MERGED from com.android.support:support-compat:24.2.0:25:5
MERGED from com.android.support:support-media-compat:24.2.0:25:5
MERGED from com.android.support:support-compat:24.2.0:25:5
MERGED from com.android.support:support-core-ui:24.2.0:25:5
MERGED from com.android.support:support-compat:24.2.0:25:5
MERGED from com.google.android.gms:play-services-tasks:9.2.1:5:5
MERGED from com.google.android.gms:play-services-basement:9.2.1:20:5
MERGED from com.android.support:support-v4:24.2.0:25:5
MERGED from com.android.support:support-compat:24.2.0:25:5
MERGED from com.android.support:support-core-utils:24.2.0:25:5
MERGED from com.android.support:support-compat:24.2.0:25:5
MERGED from com.android.support:support-media-compat:24.2.0:25:5
MERGED from com.android.support:support-compat:24.2.0:25:5
MERGED from com.android.support:support-core-ui:24.2.0:25:5
MERGED from com.android.support:support-compat:24.2.0:25:5
MERGED from com.android.support:support-fragment:24.2.0:25:5
MERGED from com.android.support:support-compat:24.2.0:25:5
MERGED from com.android.support:support-core-utils:24.2.0:25:5
MERGED from com.android.support:support-compat:24.2.0:25:5
MERGED from com.android.support:support-media-compat:24.2.0:25:5
MERGED from com.android.support:support-compat:24.2.0:25:5
MERGED from com.android.support:support-core-ui:24.2.0:25:5
MERGED from com.android.support:support-compat:24.2.0:25:5
MERGED from com.google.firebase:firebase-common:9.2.1:5:5
MERGED from com.google.android.gms:play-services-basement:9.2.1:20:5
MERGED from com.android.support:support-v4:24.2.0:25:5
MERGED from com.android.support:support-compat:24.2.0:25:5
MERGED from com.android.support:support-core-utils:24.2.0:25:5
MERGED from com.android.support:support-compat:24.2.0:25:5
MERGED from com.android.support:support-media-compat:24.2.0:25:5
MERGED from com.android.support:support-compat:24.2.0:25:5
MERGED from com.android.support:support-core-ui:24.2.0:25:5
MERGED from com.android.support:support-compat:24.2.0:25:5
MERGED from com.android.support:support-fragment:24.2.0:25:5
MERGED from com.android.support:support-compat:24.2.0:25:5
MERGED from com.android.support:support-core-utils:24.2.0:25:5
MERGED from com.android.support:support-compat:24.2.0:25:5
MERGED from com.android.support:support-media-compat:24.2.0:25:5
MERGED from com.android.support:support-compat:24.2.0:25:5
MERGED from com.android.support:support-core-ui:24.2.0:25:5
MERGED from com.android.support:support-compat:24.2.0:25:5
MERGED from com.google.android.gms:play-services-tasks:9.2.1:5:5
MERGED from com.google.android.gms:play-services-basement:9.2.1:20:5
MERGED from com.android.support:support-v4:24.2.0:25:5
MERGED from com.android.support:support-compat:24.2.0:25:5
MERGED from com.android.support:support-core-utils:24.2.0:25:5
MERGED from com.android.support:support-compat:24.2.0:25:5
MERGED from com.android.support:support-media-compat:24.2.0:25:5
MERGED from com.android.support:support-compat:24.2.0:25:5
MERGED from com.android.support:support-core-ui:24.2.0:25:5
MERGED from com.android.support:support-compat:24.2.0:25:5
MERGED from com.android.support:support-fragment:24.2.0:25:5
MERGED from com.android.support:support-compat:24.2.0:25:5
MERGED from com.android.support:support-core-utils:24.2.0:25:5
MERGED from com.android.support:support-compat:24.2.0:25:5
MERGED from com.android.support:support-media-compat:24.2.0:25:5
MERGED from com.android.support:support-compat:24.2.0:25:5
MERGED from com.android.support:support-core-ui:24.2.0:25:5
MERGED from com.android.support:support-compat:24.2.0:25:5
MERGED from com.cielo.lio:order-manager:0.9.10:11:5
MERGED from com.android.support:appcompat-v7:24.2.0:25:5
MERGED from com.android.support:support-vector-drawable:24.2.0:23:5
MERGED from com.android.support:support-compat:24.2.0:25:5
MERGED from com.android.support:animated-vector-drawable:24.2.0:22:5
MERGED from com.android.support:support-vector-drawable:24.2.0:23:5
MERGED from com.android.support:support-compat:24.2.0:25:5
MERGED from com.android.support:support-v4:24.2.0:25:5
MERGED from com.android.support:support-compat:24.2.0:25:5
MERGED from com.android.support:support-core-utils:24.2.0:25:5
MERGED from com.android.support:support-compat:24.2.0:25:5
MERGED from com.android.support:support-media-compat:24.2.0:25:5
MERGED from com.android.support:support-compat:24.2.0:25:5
MERGED from com.android.support:support-core-ui:24.2.0:25:5
MERGED from com.android.support:support-compat:24.2.0:25:5
MERGED from com.android.support:support-fragment:24.2.0:25:5
MERGED from com.android.support:support-compat:24.2.0:25:5
MERGED from com.android.support:support-core-utils:24.2.0:25:5
MERGED from com.android.support:support-compat:24.2.0:25:5
MERGED from com.android.support:support-media-compat:24.2.0:25:5
MERGED from com.android.support:support-compat:24.2.0:25:5
MERGED from com.android.support:support-core-ui:24.2.0:25:5
MERGED from com.android.support:support-compat:24.2.0:25:5
MERGED from com.google.firebase:firebase-core:9.2.1:5:5
MERGED from com.google.firebase:firebase-analytics:9.2.1:26:5
MERGED from com.google.android.gms:play-services-basement:9.2.1:20:5
MERGED from com.android.support:support-v4:24.2.0:25:5
MERGED from com.android.support:support-compat:24.2.0:25:5
MERGED from com.android.support:support-core-utils:24.2.0:25:5
MERGED from com.android.support:support-compat:24.2.0:25:5
MERGED from com.android.support:support-media-compat:24.2.0:25:5
MERGED from com.android.support:support-compat:24.2.0:25:5
MERGED from com.android.support:support-core-ui:24.2.0:25:5
MERGED from com.android.support:support-compat:24.2.0:25:5
MERGED from com.android.support:support-fragment:24.2.0:25:5
MERGED from com.android.support:support-compat:24.2.0:25:5
MERGED from com.android.support:support-core-utils:24.2.0:25:5
MERGED from com.android.support:support-compat:24.2.0:25:5
MERGED from com.android.support:support-media-compat:24.2.0:25:5
MERGED from com.android.support:support-compat:24.2.0:25:5
MERGED from com.android.support:support-core-ui:24.2.0:25:5
MERGED from com.android.support:support-compat:24.2.0:25:5
MERGED from com.google.firebase:firebase-common:9.2.1:5:5
MERGED from com.google.android.gms:play-services-basement:9.2.1:20:5
MERGED from com.android.support:support-v4:24.2.0:25:5
MERGED from com.android.support:support-compat:24.2.0:25:5
MERGED from com.android.support:support-core-utils:24.2.0:25:5
MERGED from com.android.support:support-compat:24.2.0:25:5
MERGED from com.android.support:support-media-compat:24.2.0:25:5
MERGED from com.android.support:support-compat:24.2.0:25:5
MERGED from com.android.support:support-core-ui:24.2.0:25:5
MERGED from com.android.support:support-compat:24.2.0:25:5
MERGED from com.android.support:support-fragment:24.2.0:25:5
MERGED from com.android.support:support-compat:24.2.0:25:5
MERGED from com.android.support:support-core-utils:24.2.0:25:5
MERGED from com.android.support:support-compat:24.2.0:25:5
MERGED from com.android.support:support-media-compat:24.2.0:25:5
MERGED from com.android.support:support-compat:24.2.0:25:5
MERGED from com.android.support:support-core-ui:24.2.0:25:5
MERGED from com.android.support:support-compat:24.2.0:25:5
MERGED from com.google.android.gms:play-services-tasks:9.2.1:5:5
MERGED from com.google.android.gms:play-services-basement:9.2.1:20:5
MERGED from com.android.support:support-v4:24.2.0:25:5
MERGED from com.android.support:support-compat:24.2.0:25:5
MERGED from com.android.support:support-core-utils:24.2.0:25:5
MERGED from com.android.support:support-compat:24.2.0:25:5
MERGED from com.android.support:support-media-compat:24.2.0:25:5
MERGED from com.android.support:support-compat:24.2.0:25:5
MERGED from com.android.support:support-core-ui:24.2.0:25:5
MERGED from com.android.support:support-compat:24.2.0:25:5
MERGED from com.android.support:support-fragment:24.2.0:25:5
MERGED from com.android.support:support-compat:24.2.0:25:5
MERGED from com.android.support:support-core-utils:24.2.0:25:5
MERGED from com.android.support:support-compat:24.2.0:25:5
MERGED from com.android.support:support-media-compat:24.2.0:25:5
MERGED from com.android.support:support-compat:24.2.0:25:5
MERGED from com.android.support:support-core-ui:24.2.0:25:5
MERGED from com.android.support:support-compat:24.2.0:25:5
MERGED from com.google.firebase:firebase-analytics-impl:9.2.1:26:5
MERGED from com.google.android.gms:play-services-basement:9.2.1:20:5
MERGED from com.android.support:support-v4:24.2.0:25:5
MERGED from com.android.support:support-compat:24.2.0:25:5
MERGED from com.android.support:support-core-utils:24.2.0:25:5
MERGED from com.android.support:support-compat:24.2.0:25:5
MERGED from com.android.support:support-media-compat:24.2.0:25:5
MERGED from com.android.support:support-compat:24.2.0:25:5
MERGED from com.android.support:support-core-ui:24.2.0:25:5
MERGED from com.android.support:support-compat:24.2.0:25:5
MERGED from com.android.support:support-fragment:24.2.0:25:5
MERGED from com.android.support:support-compat:24.2.0:25:5
MERGED from com.android.support:support-core-utils:24.2.0:25:5
MERGED from com.android.support:support-compat:24.2.0:25:5
MERGED from com.android.support:support-media-compat:24.2.0:25:5
MERGED from com.android.support:support-compat:24.2.0:25:5
MERGED from com.android.support:support-core-ui:24.2.0:25:5
MERGED from com.android.support:support-compat:24.2.0:25:5
MERGED from com.google.firebase:firebase-iid:9.2.1:30:5
MERGED from com.google.android.gms:play-services-basement:9.2.1:20:5
MERGED from com.android.support:support-v4:24.2.0:25:5
MERGED from com.android.support:support-compat:24.2.0:25:5
MERGED from com.android.support:support-core-utils:24.2.0:25:5
MERGED from com.android.support:support-compat:24.2.0:25:5
MERGED from com.android.support:support-media-compat:24.2.0:25:5
MERGED from com.android.support:support-compat:24.2.0:25:5
MERGED from com.android.support:support-core-ui:24.2.0:25:5
MERGED from com.android.support:support-compat:24.2.0:25:5
MERGED from com.android.support:support-fragment:24.2.0:25:5
MERGED from com.android.support:support-compat:24.2.0:25:5
MERGED from com.android.support:support-core-utils:24.2.0:25:5
MERGED from com.android.support:support-compat:24.2.0:25:5
MERGED from com.android.support:support-media-compat:24.2.0:25:5
MERGED from com.android.support:support-compat:24.2.0:25:5
MERGED from com.android.support:support-core-ui:24.2.0:25:5
MERGED from com.android.support:support-compat:24.2.0:25:5
MERGED from com.google.firebase:firebase-common:9.2.1:5:5
MERGED from com.google.android.gms:play-services-basement:9.2.1:20:5
MERGED from com.android.support:support-v4:24.2.0:25:5
MERGED from com.android.support:support-compat:24.2.0:25:5
MERGED from com.android.support:support-core-utils:24.2.0:25:5
MERGED from com.android.support:support-compat:24.2.0:25:5
MERGED from com.android.support:support-media-compat:24.2.0:25:5
MERGED from com.android.support:support-compat:24.2.0:25:5
MERGED from com.android.support:support-core-ui:24.2.0:25:5
MERGED from com.android.support:support-compat:24.2.0:25:5
MERGED from com.android.support:support-fragment:24.2.0:25:5
MERGED from com.android.support:support-compat:24.2.0:25:5
MERGED from com.android.support:support-core-utils:24.2.0:25:5
MERGED from com.android.support:support-compat:24.2.0:25:5
MERGED from com.android.support:support-media-compat:24.2.0:25:5
MERGED from com.android.support:support-compat:24.2.0:25:5
MERGED from com.android.support:support-core-ui:24.2.0:25:5
MERGED from com.android.support:support-compat:24.2.0:25:5
MERGED from com.google.android.gms:play-services-tasks:9.2.1:5:5
MERGED from com.google.android.gms:play-services-basement:9.2.1:20:5
MERGED from com.android.support:support-v4:24.2.0:25:5
MERGED from com.android.support:support-compat:24.2.0:25:5
MERGED from com.android.support:support-core-utils:24.2.0:25:5
MERGED from com.android.support:support-compat:24.2.0:25:5
MERGED from com.android.support:support-media-compat:24.2.0:25:5
MERGED from com.android.support:support-compat:24.2.0:25:5
MERGED from com.android.support:support-core-ui:24.2.0:25:5
MERGED from com.android.support:support-compat:24.2.0:25:5
MERGED from com.android.support:support-fragment:24.2.0:25:5
MERGED from com.android.support:support-compat:24.2.0:25:5
MERGED from com.android.support:support-core-utils:24.2.0:25:5
MERGED from com.android.support:support-compat:24.2.0:25:5
MERGED from com.android.support:support-media-compat:24.2.0:25:5
MERGED from com.android.support:support-compat:24.2.0:25:5
MERGED from com.android.support:support-core-ui:24.2.0:25:5
MERGED from com.android.support:support-compat:24.2.0:25:5
MERGED from com.google.firebase:firebase-common:9.2.1:5:5
MERGED from com.google.android.gms:play-services-basement:9.2.1:20:5
MERGED from com.android.support:support-v4:24.2.0:25:5
MERGED from com.android.support:support-compat:24.2.0:25:5
MERGED from com.android.support:support-core-utils:24.2.0:25:5
MERGED from com.android.support:support-compat:24.2.0:25:5
MERGED from com.android.support:support-media-compat:24.2.0:25:5
MERGED from com.android.support:support-compat:24.2.0:25:5
MERGED from com.android.support:support-core-ui:24.2.0:25:5
MERGED from com.android.support:support-compat:24.2.0:25:5
MERGED from com.android.support:support-fragment:24.2.0:25:5
MERGED from com.android.support:support-compat:24.2.0:25:5
MERGED from com.android.support:support-core-utils:24.2.0:25:5
MERGED from com.android.support:support-compat:24.2.0:25:5
MERGED from com.android.support:support-media-compat:24.2.0:25:5
MERGED from com.android.support:support-compat:24.2.0:25:5
MERGED from com.android.support:support-core-ui:24.2.0:25:5
MERGED from com.android.support:support-compat:24.2.0:25:5
MERGED from com.google.android.gms:play-services-tasks:9.2.1:5:5
MERGED from com.google.android.gms:play-services-basement:9.2.1:20:5
MERGED from com.android.support:support-v4:24.2.0:25:5
MERGED from com.android.support:support-compat:24.2.0:25:5
MERGED from com.android.support:support-core-utils:24.2.0:25:5
MERGED from com.android.support:support-compat:24.2.0:25:5
MERGED from com.android.support:support-media-compat:24.2.0:25:5
MERGED from com.android.support:support-compat:24.2.0:25:5
MERGED from com.android.support:support-core-ui:24.2.0:25:5
MERGED from com.android.support:support-compat:24.2.0:25:5
MERGED from com.android.support:support-fragment:24.2.0:25:5
MERGED from com.android.support:support-compat:24.2.0:25:5
MERGED from com.android.support:support-core-utils:24.2.0:25:5
MERGED from com.android.support:support-compat:24.2.0:25:5
MERGED from com.android.support:support-media-compat:24.2.0:25:5
MERGED from com.android.support:support-compat:24.2.0:25:5
MERGED from com.android.support:support-core-ui:24.2.0:25:5
MERGED from com.android.support:support-compat:24.2.0:25:5
	android:label
		ADDED from AndroidManifest.xml:18:9
	android:supportsRtl
		ADDED from com.cielo.lio:order-manager:0.9.10:15:9
	android:allowBackup
		ADDED from AndroidManifest.xml:17:9
	android:icon
		ADDED from AndroidManifest.xml:20:9
		REJECTED from com.cielo.lio:order-manager:0.9.10:13:9
	android:theme
		ADDED from AndroidManifest.xml:19:9
	tools:replace
		ADDED from AndroidManifest.xml:21:9
	android:name
		ADDED from AndroidManifest.xml:16:9
activity#br.compreingressos.checkcompre.SplashScreenActivity
ADDED from AndroidManifest.xml:22:9
	android:screenOrientation
		ADDED from AndroidManifest.xml:25:13
	android:label
		ADDED from AndroidManifest.xml:24:13
	android:theme
		ADDED from AndroidManifest.xml:26:13
	android:name
		ADDED from AndroidManifest.xml:23:13
intent-filter#android.intent.action.MAIN+android.intent.category.LAUNCHER
ADDED from AndroidManifest.xml:27:13
action#android.intent.action.MAIN
ADDED from AndroidManifest.xml:28:17
	android:name
		ADDED from AndroidManifest.xml:28:25
category#android.intent.category.LAUNCHER
ADDED from AndroidManifest.xml:29:17
	android:name
		ADDED from AndroidManifest.xml:29:27
activity#br.compreingressos.checkcompre.LoginActivity
ADDED from AndroidManifest.xml:32:9
	android:screenOrientation
		ADDED from AndroidManifest.xml:35:13
	android:label
		ADDED from AndroidManifest.xml:34:13
	android:name
		ADDED from AndroidManifest.xml:33:13
activity#br.compreingressos.checkcompre.LugarActivity
ADDED from AndroidManifest.xml:36:9
	android:label
		ADDED from AndroidManifest.xml:38:13
	android:name
		ADDED from AndroidManifest.xml:37:13
activity#br.compreingressos.checkcompre.MainActivity
ADDED from AndroidManifest.xml:39:9
	android:label
		ADDED from AndroidManifest.xml:41:13
	android:theme
		ADDED from AndroidManifest.xml:42:13
	android:name
		ADDED from AndroidManifest.xml:40:13
activity#br.compreingressos.checkcompre.LocalActivity
ADDED from AndroidManifest.xml:43:9
	android:label
		ADDED from AndroidManifest.xml:45:13
	android:name
		ADDED from AndroidManifest.xml:44:13
activity#br.compreingressos.checkcompre.ConvidadoDetalheActivity
ADDED from AndroidManifest.xml:46:9
	android:label
		ADDED from AndroidManifest.xml:48:13
	android:name
		ADDED from AndroidManifest.xml:47:13
activity#br.compreingressos.checkcompre.ConvidadoCreateActivity
ADDED from AndroidManifest.xml:49:9
	android:label
		ADDED from AndroidManifest.xml:51:13
	android:name
		ADDED from AndroidManifest.xml:50:13
activity#br.compreingressos.checkcompre.AssinaturaActivity
ADDED from AndroidManifest.xml:52:9
	android:label
		ADDED from AndroidManifest.xml:54:13
	android:name
		ADDED from AndroidManifest.xml:53:13
activity#br.compreingressos.checkcompre.VendaActivity
ADDED from AndroidManifest.xml:55:9
	android:label
		ADDED from AndroidManifest.xml:57:13
	android:name
		ADDED from AndroidManifest.xml:56:13
activity#br.compreingressos.checkcompre.LioActivity
ADDED from AndroidManifest.xml:58:9
	android:label
		ADDED from AndroidManifest.xml:60:13
	android:name
		ADDED from AndroidManifest.xml:59:13
service#br.compreingressos.checkcompre.MyFirebaseMessagingService
ADDED from AndroidManifest.xml:62:9
	android:name
		ADDED from AndroidManifest.xml:63:13
intent-filter#com.google.firebase.MESSAGING_EVENT
ADDED from AndroidManifest.xml:64:13
action#com.google.firebase.MESSAGING_EVENT
ADDED from AndroidManifest.xml:65:17
	android:name
		ADDED from AndroidManifest.xml:65:25
uses-sdk
INJECTED from AndroidManifest.xml:0:0 reason: use-sdk injection requested
MERGED from com.android.support:support-v4:24.2.0:21:5
MERGED from com.android.support:support-compat:24.2.0:21:5
MERGED from com.android.support:support-core-utils:24.2.0:21:5
MERGED from com.android.support:support-compat:24.2.0:21:5
MERGED from com.android.support:support-media-compat:24.2.0:21:5
MERGED from com.android.support:support-compat:24.2.0:21:5
MERGED from com.android.support:support-core-ui:24.2.0:21:5
MERGED from com.android.support:support-compat:24.2.0:21:5
MERGED from com.android.support:support-fragment:24.2.0:21:5
MERGED from com.android.support:support-compat:24.2.0:21:5
MERGED from com.android.support:support-core-utils:24.2.0:21:5
MERGED from com.android.support:support-compat:24.2.0:21:5
MERGED from com.android.support:support-media-compat:24.2.0:21:5
MERGED from com.android.support:support-compat:24.2.0:21:5
MERGED from com.android.support:support-core-ui:24.2.0:21:5
MERGED from com.android.support:support-compat:24.2.0:21:5
MERGED from com.android.support:appcompat-v7:24.2.0:21:5
MERGED from com.android.support:support-vector-drawable:24.2.0:21:5
MERGED from com.android.support:support-compat:24.2.0:21:5
MERGED from com.android.support:animated-vector-drawable:24.2.0:20:5
MERGED from com.android.support:support-vector-drawable:24.2.0:21:5
MERGED from com.android.support:support-compat:24.2.0:21:5
MERGED from com.android.support:support-v4:24.2.0:21:5
MERGED from com.android.support:support-compat:24.2.0:21:5
MERGED from com.android.support:support-core-utils:24.2.0:21:5
MERGED from com.android.support:support-compat:24.2.0:21:5
MERGED from com.android.support:support-media-compat:24.2.0:21:5
MERGED from com.android.support:support-compat:24.2.0:21:5
MERGED from com.android.support:support-core-ui:24.2.0:21:5
MERGED from com.android.support:support-compat:24.2.0:21:5
MERGED from com.android.support:support-fragment:24.2.0:21:5
MERGED from com.android.support:support-compat:24.2.0:21:5
MERGED from com.android.support:support-core-utils:24.2.0:21:5
MERGED from com.android.support:support-compat:24.2.0:21:5
MERGED from com.android.support:support-media-compat:24.2.0:21:5
MERGED from com.android.support:support-compat:24.2.0:21:5
MERGED from com.android.support:support-core-ui:24.2.0:21:5
MERGED from com.android.support:support-compat:24.2.0:21:5
MERGED from com.google.firebase:firebase-messaging:9.2.1:18:5
MERGED from com.google.android.gms:play-services-basement:9.2.1:18:5
MERGED from com.android.support:support-v4:24.2.0:21:5
MERGED from com.android.support:support-compat:24.2.0:21:5
MERGED from com.android.support:support-core-utils:24.2.0:21:5
MERGED from com.android.support:support-compat:24.2.0:21:5
MERGED from com.android.support:support-media-compat:24.2.0:21:5
MERGED from com.android.support:support-compat:24.2.0:21:5
MERGED from com.android.support:support-core-ui:24.2.0:21:5
MERGED from com.android.support:support-compat:24.2.0:21:5
MERGED from com.android.support:support-fragment:24.2.0:21:5
MERGED from com.android.support:support-compat:24.2.0:21:5
MERGED from com.android.support:support-core-utils:24.2.0:21:5
MERGED from com.android.support:support-compat:24.2.0:21:5
MERGED from com.android.support:support-media-compat:24.2.0:21:5
MERGED from com.android.support:support-compat:24.2.0:21:5
MERGED from com.android.support:support-core-ui:24.2.0:21:5
MERGED from com.android.support:support-compat:24.2.0:21:5
MERGED from com.google.firebase:firebase-iid:9.2.1:18:5
MERGED from com.google.android.gms:play-services-basement:9.2.1:18:5
MERGED from com.android.support:support-v4:24.2.0:21:5
MERGED from com.android.support:support-compat:24.2.0:21:5
MERGED from com.android.support:support-core-utils:24.2.0:21:5
MERGED from com.android.support:support-compat:24.2.0:21:5
MERGED from com.android.support:support-media-compat:24.2.0:21:5
MERGED from com.android.support:support-compat:24.2.0:21:5